Determining if the pthread_create exist failed with the following output:
Change Dir: /media/chen/E/ros/project/orb_slam1_ws/src/ORB_SLAM/build/CMakeFiles/CMakeTmp

Run Build Command:"/usr/bin/make" "cmTC_de04d/fast"
/usr/bin/make -f CMakeFiles/cmTC_de04d.dir/build.make CMakeFiles/cmTC_de04d.dir/build
make[1]: Entering directory '/media/chen/E/ros/project/orb_slam1_ws/src/ORB_SLAM/build/CMakeFiles/CMakeTmp'
Building C object CMakeFiles/cmTC_de04d.dir/CheckSymbolExists.c.o
/usr/bin/cc     -o CMakeFiles/cmTC_de04d.dir/CheckSymbolExists.c.o   -c /media/chen/E/ros/project/orb_slam1_ws/src/ORB_SLAM/build/CMakeFiles/CMakeTmp/CheckSymbolExists.c
Linking C executable cmTC_de04d
/usr/bin/cmake -E cmake_link_script CMakeFiles/cmTC_de04d.dir/link.txt --verbose=1
/usr/bin/cc       CMakeFiles/cmTC_de04d.dir/CheckSymbolExists.c.o  -o cmTC_de04d -rdynamic 
CMakeFiles/cmTC_de04d.dir/CheckSymbolExists.c.o：在函数‘main’中：
CheckSymbolExists.c:(.text+0x16)：对‘pthread_create’未定义的引用
collect2: error: ld returned 1 exit status
CMakeFiles/cmTC_de04d.dir/build.make:97: recipe for target 'cmTC_de04d' failed
make[1]: *** [cmTC_de04d] Error 1
make[1]: Leaving directory '/media/chen/E/ros/project/orb_slam1_ws/src/ORB_SLAM/build/CMakeFiles/CMakeTmp'
Makefile:126: recipe for target 'cmTC_de04d/fast' failed
make: *** [cmTC_de04d/fast] Error 2

File /media/chen/E/ros/project/orb_slam1_ws/src/ORB_SLAM/build/CMakeFiles/CMakeTmp/CheckSymbolExists.c:
/* */
#include <pthread.h>

int main(int argc, char** argv)
{
  (void)argv;
#ifndef pthread_create
  return ((int*)(&pthread_create))[argc];
#else
  (void)argc;
  return 0;
#endif
}

Determining if the function pthread_create exists in the pthreads failed with the following output:
Change Dir: /media/chen/E/ros/project/orb_slam1_ws/src/ORB_SLAM/build/CMakeFiles/CMakeTmp

Run Build Command:"/usr/bin/make" "cmTC_6bb18/fast"
/usr/bin/make -f CMakeFiles/cmTC_6bb18.dir/build.make CMakeFiles/cmTC_6bb18.dir/build
make[1]: Entering directory '/media/chen/E/ros/project/orb_slam1_ws/src/ORB_SLAM/build/CMakeFiles/CMakeTmp'
Building C object CMakeFiles/cmTC_6bb18.dir/CheckFunctionExists.c.o
/usr/bin/cc    -DCHECK_FUNCTION_EXISTS=pthread_create   -o CMakeFiles/cmTC_6bb18.dir/CheckFunctionExists.c.o   -c /usr/share/cmake-3.5/Modules/CheckFunctionExists.c
Linking C executable cmTC_6bb18
/usr/bin/cmake -E cmake_link_script CMakeFiles/cmTC_6bb18.dir/link.txt --verbose=1
/usr/bin/cc   -DCHECK_FUNCTION_EXISTS=pthread_create    CMakeFiles/cmTC_6bb18.dir/CheckFunctionExists.c.o  -o cmTC_6bb18 -rdynamic -lpthreads 
/usr/bin/ld: 找不到 -lpthreads
collect2: error: ld returned 1 exit status
CMakeFiles/cmTC_6bb18.dir/build.make:97: recipe for target 'cmTC_6bb18' failed
make[1]: *** [cmTC_6bb18] Error 1
make[1]: Leaving directory '/media/chen/E/ros/project/orb_slam1_ws/src/ORB_SLAM/build/CMakeFiles/CMakeTmp'
Makefile:126: recipe for target 'cmTC_6bb18/fast' failed
make: *** [cmTC_6bb18/fast] Error 2


